2020/04/27 10:46:30 responseCode=P006 responseDetail="amount"パラメータの値が設定されていません。
2020/04/27 10:47:28 responseCode=P006 responseDetail="amount"パラメータの値が設定されていません。
2020/04/27 10:47:38 responseCode=P006 responseDetail="amount"パラメータの値が設定されていません。
2020/04/27 10:47:54 responseCode=P006 responseDetail="amount"パラメータの値が設定されていません。
2020/04/27 10:48:32 responseCode=P006 responseDetail="amount"パラメータの値が設定されていません。
2020/04/27 10:48:53 responseCode=P006 responseDetail="amount"パラメータの値が設定されていません。
2020/04/27 10:49:23 responseCode=P006 responseDetail="amount"パラメータの値が設定されていません。
2020/04/27 10:49:54 responseCode=P006 responseDetail="amount"パラメータの値が設定されていません。
2020/04/27 10:51:00 responseCode=P006 responseDetail="amount"パラメータの値が設定されていません。
2020/04/28 16:15:23 responseCode=P006 responseDetail="amount"パラメータの値が設定されていません。
2020/04/28 16:15:34 responseCode=P023 responseDetail=カード情報がすでに上限数登録済みです。
2020/04/28 16:15:45 responseCode=P023 responseDetail=カード情報がすでに上限数登録済みです。
2020/05/01 14:47:59 responseCode=P023 responseDetail=カード情報がすでに上限数登録済みです。
2020/05/01 14:49:40 responseCode=P023 responseDetail=カード情報がすでに上限数登録済みです。
2020/05/01 14:49:59 responseCode=P023 responseDetail=カード情報がすでに上限数登録済みです。
2020/05/01 14:50:52 responseCode=P023 responseDetail=カード情報がすでに上限数登録済みです。
2020/05/01 14:50:57 responseCode=P023 responseDetail=カード情報がすでに上限数登録済みです。
2020/05/01 14:56:40 responseCode=P023 responseDetail=カード情報がすでに上限数登録済みです。
2020/05/01 15:16:35 responseCode=P023 responseDetail=カード情報がすでに上限数登録済みです。
2020/05/01 15:16:42 responseCode=P023 responseDetail=カード情報がすでに上限数登録済みです。
2020/05/01 15:19:02 responseCode=P023 responseDetail=カード情報がすでに上限数登録済みです。
2020/05/01 15:20:00 responseCode=P023 responseDetail=カード情報がすでに上限数登録済みです。
2020/05/01 15:38:07 responseCode=P023 responseDetail=カード情報がすでに上限数登録済みです。
2020/05/15 04:25:30 responseCode=P015 responseDetail=IPアドレスが不正です。
2020/05/15 05:25:53 responseCode=P015 responseDetail=IPアドレスが不正です。
2020/05/15 05:47:47 responseCode=P015 responseDetail=IPアドレスが不正です。
2020/05/15 10:08:42 responseCode=P015 responseDetail=IPアドレスが不正です。
2020/05/15 11:58:28 responseCode=P015 responseDetail=IPアドレスが不正です。
2020/05/15 12:00:46 responseCode=P015 responseDetail=IPアドレスが不正です。
2020/05/15 12:03:47 responseCode=P015 responseDetail=IPアドレスが不正です。
2020/05/16 03:01:48 responseCode=P015 responseDetail=IPアドレスが不正です。
2020/05/16 03:05:18 responseCode=P015 responseDetail=IPアドレスが不正です。
2020/05/16 03:23:18 responseCode=P015 responseDetail=IPアドレスが不正です。
2020/05/16 04:07:47 responseCode=P015 responseDetail=IPアドレスが不正です。
2020/05/16 11:11:12 responseCode=P015 responseDetail=IPアドレスが不正です。
2020/05/16 11:58:58 responseCode=P015 responseDetail=IPアドレスが不正です。
2020/05/16 12:50:08 responseCode=P015 responseDetail=IPアドレスが不正です。
2020/05/16 12:51:55 responseCode=P015 responseDetail=IPアドレスが不正です。
2020/05/16 12:53:42 responseCode=P015 responseDetail=IPアドレスが不正です。
2020/05/16 12:56:43 responseCode=P015 responseDetail=IPアドレスが不正です。
2020/05/16 12:57:43 responseCode=P015 responseDetail=IPアドレスが不正です。
2020/05/16 12:59:03 responseCode=P015 responseDetail=IPアドレスが不正です。
2020/05/16 15:30:07 responseCode=P015 responseDetail=IPアドレスが不正です。
2020/05/16 15:34:19 responseCode=P015 responseDetail=IPアドレスが不正です。
2020/05/16 15:39:59 responseCode= responseDetail=
2020/05/16 15:40:58 responseCode= responseDetail=
2020/05/16 15:43:00 responseCode=P015 responseDetail=IPアドレスが不正です。
2020/05/16 17:21:04 responseCode=P015 responseDetail=IPアドレスが不正です。
2020/05/16 17:50:56 responseCode=P015 responseDetail=IPアドレスが不正です。
2020/05/16 17:51:49 responseCode=P015 responseDetail=IPアドレスが不正です。
2020/05/16 18:25:50 responseCode=P015 responseDetail=IPアドレスが不正です。
2020/05/16 18:40:03 responseCode=P015 responseDetail=IPアドレスが不正です。
2020/05/16 19:10:41 responseCode=P015 responseDetail=IPアドレスが不正です。
2020/05/16 19:29:18 responseCode=P015 responseDetail=IPアドレスが不正です。
2020/05/16 19:37:28 responseCode=P015 responseDetail=IPアドレスが不正です。
2020/05/16 19:39:00 responseCode=P015 responseDetail=IPアドレスが不正です。
2020/05/16 19:39:39 responseCode=P015 responseDetail=IPアドレスが不正です。
2020/05/16 19:41:57 responseCode=P015 responseDetail=IPアドレスが不正です。
2020/05/16 19:43:09 responseCode=P015 responseDetail=IPアドレスが不正です。
2020/05/16 19:43:45 responseCode=P015 responseDetail=IPアドレスが不正です。
2020/05/16 22:23:48 responseCode=P015 responseDetail=IPアドレスが不正です。
2020/05/16 23:33:05 responseCode=P015 responseDetail=IPアドレスが不正です。
2020/05/16 23:33:40 responseCode=P015 responseDetail=IPアドレスが不正です。
2020/05/17 01:21:02 responseCode=P015 responseDetail=IPアドレスが不正です。
2020/05/17 01:21:56 responseCode=P015 responseDetail=IPアドレスが不正です。
2020/05/17 01:23:46 responseCode=P015 responseDetail=IPアドレスが不正です。
2020/05/17 02:01:18 responseCode=P015 responseDetail=IPアドレスが不正です。
2020/05/17 04:46:53 responseCode=P015 responseDetail=IPアドレスが不正です。
2020/05/17 11:57:35 responseCode=P015 responseDetail=IPアドレスが不正です。
2020/05/17 20:10:30 responseCode=P015 responseDetail=IPアドレスが不正です。
2020/05/17 20:11:58 responseCode=P015 responseDetail=IPアドレスが不正です。
2020/05/18 03:25:18 responseCode=P006 responseDetail="amount"パラメータの値が設定されていません。
2020/05/18 03:26:08 responseCode=P006 responseDetail="amount"パラメータの値が設定されていません。
2020/05/18 03:26:31 responseCode=P006 responseDetail="amount"パラメータの値が設定されていません。
2020/05/18 09:03:10 responseCode=P006 responseDetail="amount"パラメータの値が設定されていません。
2020/05/18 09:13:43 responseCode=P006 responseDetail="amount"パラメータの値が設定されていません。
2020/05/22 23:49:58 result=1 responseCode=2016 responseDetail=入力されたカードはお取扱いできません。
2020/05/23 00:05:13 responseCode=2016 responseDetail=入力されたカードはお取扱いできません。
2020/05/23 00:07:13 responseCode=2003 responseDetail="1G65"
2020/05/23 00:19:51 responseCode= responseDetail=
2020/05/23 00:33:18 responseCode= responseDetail=
2020/05/23 00:33:53 responseCode= responseDetail=
2020/05/23 00:38:55 responseCode=2016 responseDetail=入力されたカードはお取扱いできません。
2020/05/23 00:39:17 responseCode=2016 responseDetail=入力されたカードはお取扱いできません。
2020/05/23 00:57:49 responseCode=2016 responseDetail=入力されたカードはお取扱いできません。
2020/05/23 01:04:50 responseCode=2016 responseDetail=入力されたカードはお取扱いできません。
2020/05/23 01:18:51 responseCode= responseDetail=
2020/05/23 01:21:34 responseCode=2016 responseDetail=入力されたカードはお取扱いできません。
2020/05/23 01:23:34 responseCode=2016 responseDetail=入力されたカードはお取扱いできません。
2020/05/24 08:31:37 responseCode=2003 responseDetail="1G65"
2020/05/25 11:53:52 responseCode= responseDetail=
2020/05/25 12:05:15 responseCode= responseDetail=
2020/05/25 12:16:54 responseCode= responseDetail=
2020/05/25 12:25:34 responseCode= responseDetail=
2020/05/25 12:29:58 responseCode=2016 responseDetail=入力されたカードはお取扱いできません。
2020/05/25 13:22:55 responseCode=2003 responseDetail="1G65"
2020/05/25 13:32:05 responseCode=2016 responseDetail=入力されたカードはお取扱いできません。
2020/05/25 13:55:00 responseCode=2003 responseDetail="1G65"
2020/05/25 15:46:59 responseCode=2003 responseDetail="1G65"
2020/05/25 15:48:25 responseCode=2003 responseDetail="1G44"
2020/05/25 15:49:11 responseCode=2003 responseDetail="1G44"
2020/05/25 15:49:33 responseCode=2003 responseDetail="1G44"
2020/05/25 16:38:06 responseCode=2001 responseDetail="1G12"
2020/05/25 16:38:32 responseCode=2001 responseDetail="1G12"
2020/05/25 21:07:42 responseCode=2016 responseDetail=入力されたカードはお取扱いできません。
2020/05/25 21:08:04 responseCode=2016 responseDetail=入力されたカードはお取扱いできません。
2020/05/25 21:10:53 responseCode=2016 responseDetail=入力されたカードはお取扱いできません。
2020/05/26 08:02:52 responseCode=2016 responseDetail=入力されたカードはお取扱いできません。
2020/05/26 09:08:35 responseCode=2016 responseDetail=入力されたカードはお取扱いできません。
2020/05/26 13:52:50 responseCode=2003 responseDetail="1G65"
2020/05/26 18:25:44 responseCode=2016 responseDetail=入力されたカードはお取扱いできません。
2020/05/26 18:27:26 responseCode=2016 responseDetail=入力されたカードはお取扱いできません。
2020/05/27 10:54:04 responseCode=2003 responseDetail="1G65"
2020/05/27 19:59:23 responseCode=2001 responseDetail="1G12"
2020/05/27 20:10:05 responseCode=2001 responseDetail="1G12"
2020/05/28 14:20:46 responseCode=2016 responseDetail=入力されたカードはお取扱いできません。
2020/05/28 14:23:17 responseCode=2016 responseDetail=入力されたカードはお取扱いできません。
2020/05/28 14:27:47 responseCode=2016 responseDetail=入力されたカードはお取扱いできません。
2020/05/28 14:28:56 responseCode=2016 responseDetail=入力されたカードはお取扱いできません。
2020/05/28 14:31:30 responseCode=2016 responseDetail=入力されたカードはお取扱いできません。
2020/06/15 09:28:03 responseCode=2003 responseDetail="1G65"
2020/06/27 19:04:11 responseCode=2003 responseDetail="1G65"
2020/06/27 19:16:13 responseCode=2003 responseDetail="1G44"
2020/07/01 12:23:07 responseCode=2016 responseDetail=入力されたカードはお取扱いできません。
2020/07/01 14:11:45 responseCode=2003 responseDetail="1G65"
2020/07/09 11:09:13 responseCode=2016 responseDetail=入力されたカードはお取扱いできません。
2020/07/09 12:12:42 responseCode=2003 responseDetail="1G65"
2020/07/10 16:42:03 responseCode=2003 responseDetail="1G65"
2020/10/09 15:00:58 responseCode=2003 responseDetail="1G65"
2020/10/09 15:01:37 responseCode=2003 responseDetail="1G65"
2021/03/12 17:58:08 responseCode=2016 responseDetail=入力されたカードはお取扱いできません。
2021/03/12 18:01:03 responseCode=2001 responseDetail="1G12"
2021/11/29 08:38:55 responseCode= responseDetail=
2021/11/29 08:40:07 responseCode= responseDetail=
2021/11/29 08:40:08 responseCode= responseDetail=
2021/11/29 08:40:31 responseCode= responseDetail=
2021/11/29 08:43:02 responseCode= responseDetail=
2021/11/29 08:43:55 responseCode= responseDetail=
2021/11/29 08:44:47 responseCode= responseDetail=
2021/11/29 08:48:00 responseCode= responseDetail=
2021/11/30 07:49:17 responseCode= responseDetail=
2021/11/30 11:46:43 responseCode= responseDetail=
